<?xml version="1.0" encoding="UTF-8"?>
<testsuite xmlns:xsi="http://www.w3.org/2001/XMLSchema-instance" xsi:noNamespaceSchemaLocation="https://maven.apache.org/surefire/maven-surefire-plugin/xsd/surefire-test-report.xsd" name="com.tecton.ingestclient.client.TectonApiResponseTest" time="0.008" tests="9" errors="0" skipped="0" failures="0">
  <properties>
    <property name="java.specification.version" value="20"/>
    <property name="sun.jnu.encoding" value="UTF-8"/>
    <property name="java.class.path" value="/Users/jvarley/Documents/projects-eclipse/tecton-ingest-api-sink/target/test-classes:/Users/jvarley/Documents/projects-eclipse/tecton-ingest-api-sink/target/classes:/Users/jvarley/.m2/repository/org/apache/kafka/connect-json/3.3.1/connect-json-3.3.1.jar:/Users/jvarley/.m2/repository/com/fasterxml/jackson/datatype/jackson-datatype-jdk8/2.13.3/jackson-datatype-jdk8-2.13.3.jar:/Users/jvarley/.m2/repository/com/fasterxml/jackson/core/jackson-core/2.15.2/jackson-core-2.15.2.jar:/Users/jvarley/.m2/repository/com/fasterxml/jackson/core/jackson-databind/2.15.2/jackson-databind-2.15.2.jar:/Users/jvarley/.m2/repository/com/fasterxml/jackson/core/jackson-annotations/2.15.2/jackson-annotations-2.15.2.jar:/Users/jvarley/.m2/repository/org/mockito/mockito-core/4.8.0/mockito-core-4.8.0.jar:/Users/jvarley/.m2/repository/net/bytebuddy/byte-buddy/1.12.14/byte-buddy-1.12.14.jar:/Users/jvarley/.m2/repository/net/bytebuddy/byte-buddy-agent/1.12.14/byte-buddy-agent-1.12.14.jar:/Users/jvarley/.m2/repository/org/objenesis/objenesis/3.2/objenesis-3.2.jar:/Users/jvarley/.m2/repository/org/mockito/mockito-junit-jupiter/4.8.0/mockito-junit-jupiter-4.8.0.jar:/Users/jvarley/.m2/repository/org/slf4j/slf4j-api/2.0.9/slf4j-api-2.0.9.jar:/Users/jvarley/.m2/repository/ch/qos/logback/logback-classic/1.4.11/logback-classic-1.4.11.jar:/Users/jvarley/.m2/repository/ch/qos/logback/logback-core/1.4.11/logback-core-1.4.11.jar:/Users/jvarley/.m2/repository/com/github/jcustenborder/kafka/connect/connect-utils/0.7.177/connect-utils-0.7.177.jar:/Users/jvarley/.m2/repository/org/immutables/value/2.8.2/value-2.8.2.jar:/Users/jvarley/.m2/repository/com/google/guava/guava/31.1-jre/guava-31.1-jre.jar:/Users/jvarley/.m2/repository/com/google/guava/failureaccess/1.0.1/failureaccess-1.0.1.jar:/Users/jvarley/.m2/repository/com/google/guava/listenablefuture/9999.0-empty-to-avoid-conflict-with-guava/listenablefuture-9999.0-empty-to-avoid-conflict-with-guava.jar:/Users/jvarley/.m2/repository/com/google/code/findbugs/jsr305/3.0.2/jsr305-3.0.2.jar:/Users/jvarley/.m2/repository/org/checkerframework/checker-qual/3.12.0/checker-qual-3.12.0.jar:/Users/jvarley/.m2/repository/com/google/errorprone/error_prone_annotations/2.11.0/error_prone_annotations-2.11.0.jar:/Users/jvarley/.m2/repository/com/google/j2objc/j2objc-annotations/1.3/j2objc-annotations-1.3.jar:/Users/jvarley/.m2/repository/org/freemarker/freemarker/2.3.31/freemarker-2.3.31.jar:/Users/jvarley/.m2/repository/org/apache/kafka/connect-api/3.3.1/connect-api-3.3.1.jar:/Users/jvarley/.m2/repository/org/apache/kafka/kafka-clients/3.3.1/kafka-clients-3.3.1.jar:/Users/jvarley/.m2/repository/com/github/luben/zstd-jni/1.5.2-1/zstd-jni-1.5.2-1.jar:/Users/jvarley/.m2/repository/org/lz4/lz4-java/1.8.0/lz4-java-1.8.0.jar:/Users/jvarley/.m2/repository/org/xerial/snappy/snappy-java/1.1.8.4/snappy-java-1.1.8.4.jar:/Users/jvarley/.m2/repository/javax/ws/rs/javax.ws.rs-api/2.1.1/javax.ws.rs-api-2.1.1.jar:/Users/jvarley/.m2/repository/com/github/jcustenborder/docker-compose-junit-extension/0.1.6/docker-compose-junit-extension-0.1.6.jar:/Users/jvarley/.m2/repository/com/palantir/docker/compose/docker-compose-rule-core/1.5.0/docker-compose-rule-core-1.5.0.jar:/Users/jvarley/.m2/repository/com/github/zafarkhaja/java-semver/0.9.0/java-semver-0.9.0.jar:/Users/jvarley/.m2/repository/commons-io/commons-io/2.6/commons-io-2.6.jar:/Users/jvarley/.m2/repository/joda-time/joda-time/2.10.3/joda-time-2.10.3.jar:/Users/jvarley/.m2/repository/org/apache/commons/commons-lang3/3.7/commons-lang3-3.7.jar:/Users/jvarley/.m2/repository/org/awaitility/awaitility/4.0.2/awaitility-4.0.2.jar:/Users/jvarley/.m2/repository/org/hamcrest/hamcrest/2.1/hamcrest-2.1.jar:/Users/jvarley/.m2/repository/org/hamcrest/hamcrest-core/2.1/hamcrest-core-2.1.jar:/Users/jvarley/.m2/repository/com/palantir/docker/compose/docker-compose-rule-events-api-objects/1.5.0/docker-compose-rule-events-api-objects-1.5.0.jar:/Users/jvarley/.m2/repository/com/palantir/conjure/java/conjure-lib/5.15.0/conjure-lib-5.15.0.jar:/Users/jvarley/.m2/repository/com/palantir/ri/resource-identifier/1.1.0/resource-identifier-1.1.0.jar:/Users/jvarley/.m2/repository/com/palantir/tokens/auth-tokens/3.6.1/auth-tokens-3.6.1.jar:/Users/jvarley/.m2/repository/com/palantir/conjure/java/api/errors/2.12.0/errors-2.12.0.jar:/Users/jvarley/.m2/repository/jakarta/annotation/jakarta.annotation-api/1.3.5/jakarta.annotation-api-1.3.5.jar:/Users/jvarley/.m2/repository/jakarta/ws/rs/jakarta.ws.rs-api/2.1.6/jakarta.ws.rs-api-2.1.6.jar:/Users/jvarley/.m2/repository/one/util/streamex/0.7.2/streamex-0.7.2.jar:/Users/jvarley/.m2/repository/com/fasterxml/jackson/dataformat/jackson-dataformat-yaml/2.12.3/jackson-dataformat-yaml-2.12.3.jar:/Users/jvarley/.m2/repository/org/yaml/snakeyaml/1.27/snakeyaml-1.27.jar:/Users/jvarley/.m2/repository/com/palantir/conjure/java/runtime/conjure-java-jackson-serialization/7.3.0/conjure-java-jackson-serialization-7.3.0.jar:/Users/jvarley/.m2/repository/com/fasterxml/jackson/datatype/jackson-datatype-guava/2.12.3/jackson-datatype-guava-2.12.3.jar:/Users/jvarley/.m2/repository/com/fasterxml/jackson/module/jackson-module-afterburner/2.12.3/jackson-module-afterburner-2.12.3.jar:/Users/jvarley/.m2/repository/com/fasterxml/jackson/datatype/jackson-datatype-jsr310/2.12.3/jackson-datatype-jsr310-2.12.3.jar:/Users/jvarley/.m2/repository/com/fasterxml/jackson/dataformat/jackson-dataformat-cbor/2.12.3/jackson-dataformat-cbor-2.12.3.jar:/Users/jvarley/.m2/repository/com/palantir/safe-logging/preconditions/1.14.0/preconditions-1.14.0.jar:/Users/jvarley/.m2/repository/com/palantir/safe-logging/safe-logging/1.14.0/safe-logging-1.14.0.jar:/Users/jvarley/.m2/repository/com/fasterxml/jackson/datatype/jackson-datatype-joda/2.12.3/jackson-datatype-joda-2.12.3.jar:/Users/jvarley/.m2/repository/com/fasterxml/jackson/dataformat/jackson-dataformat-smile/2.12.3/jackson-dataformat-smile-2.12.3.jar:/Users/jvarley/.m2/repository/com/github/jcustenborder/kafka/connect/connect-utils-testing/0.7.177/connect-utils-testing-0.7.177.jar:/Users/jvarley/.m2/repository/com/github/jcustenborder/kafka/connect/connect-utils-jackson/0.7.177/connect-utils-jackson-0.7.177.jar:/Users/jvarley/.m2/repository/org/reflections/reflections/0.9.10/reflections-0.9.10.jar:/Users/jvarley/.m2/repository/org/javassist/javassist/3.19.0-GA/javassist-3.19.0-GA.jar:/Users/jvarley/.m2/repository/com/google/code/findbugs/annotations/2.0.1/annotations-2.0.1.jar:/Users/jvarley/.m2/repository/io/github/java-diff-utils/java-diff-utils/4.0/java-diff-utils-4.0.jar:/Users/jvarley/.m2/repository/org/eclipse/jgit/org.eclipse.jgit/4.4.1.201607150455-r/org.eclipse.jgit-4.4.1.201607150455-r.jar:/Users/jvarley/.m2/repository/com/github/jcustenborder/kafka/connect/connect-utils-testing-data/0.7.177/connect-utils-testing-data-0.7.177.jar:/Users/jvarley/.m2/repository/org/junit/jupiter/junit-jupiter-engine/5.9.1/junit-jupiter-engine-5.9.1.jar:/Users/jvarley/.m2/repository/org/junit/platform/junit-platform-engine/1.9.1/junit-platform-engine-1.9.1.jar:/Users/jvarley/.m2/repository/org/apiguardian/apiguardian-api/1.1.2/apiguardian-api-1.1.2.jar:/Users/jvarley/.m2/repository/org/junit/jupiter/junit-jupiter-api/5.9.1/junit-jupiter-api-5.9.1.jar:/Users/jvarley/.m2/repository/org/opentest4j/opentest4j/1.2.0/opentest4j-1.2.0.jar:/Users/jvarley/.m2/repository/org/junit/platform/junit-platform-commons/1.9.1/junit-platform-commons-1.9.1.jar:/Users/jvarley/.m2/repository/org/junit/jupiter/junit-jupiter-params/5.9.1/junit-jupiter-params-5.9.1.jar:"/>
    <property name="java.vm.vendor" value="Homebrew"/>
    <property name="sun.arch.data.model" value="64"/>
    <property name="java.vendor.url" value="https://github.com/Homebrew/homebrew-core/issues"/>
    <property name="os.name" value="Mac OS X"/>
    <property name="java.vm.specification.version" value="20"/>
    <property name="sun.java.launcher" value="SUN_STANDARD"/>
    <property name="user.country" value="GB"/>
    <property name="sun.boot.library.path" value="/opt/homebrew/Cellar/openjdk/20.0.2/libexec/openjdk.jdk/Contents/Home/lib"/>
    <property name="sun.java.command" value="/Users/jvarley/Documents/projects-eclipse/tecton-ingest-api-sink/target/surefire/surefirebooter8013126047722323050.jar /Users/jvarley/Documents/projects-eclipse/tecton-ingest-api-sink/target/surefire 2023-10-07T00-25-11_834-jvmRun1 surefire13722009923037559238tmp surefire_03641314586872385146tmp"/>
    <property name="http.nonProxyHosts" value="local|*.local|169.254/16|*.169.254/16"/>
    <property name="jdk.debug" value="release"/>
    <property name="surefire.test.class.path" value="/Users/jvarley/Documents/projects-eclipse/tecton-ingest-api-sink/target/test-classes:/Users/jvarley/Documents/projects-eclipse/tecton-ingest-api-sink/target/classes:/Users/jvarley/.m2/repository/org/apache/kafka/connect-json/3.3.1/connect-json-3.3.1.jar:/Users/jvarley/.m2/repository/com/fasterxml/jackson/datatype/jackson-datatype-jdk8/2.13.3/jackson-datatype-jdk8-2.13.3.jar:/Users/jvarley/.m2/repository/com/fasterxml/jackson/core/jackson-core/2.15.2/jackson-core-2.15.2.jar:/Users/jvarley/.m2/repository/com/fasterxml/jackson/core/jackson-databind/2.15.2/jackson-databind-2.15.2.jar:/Users/jvarley/.m2/repository/com/fasterxml/jackson/core/jackson-annotations/2.15.2/jackson-annotations-2.15.2.jar:/Users/jvarley/.m2/repository/org/mockito/mockito-core/4.8.0/mockito-core-4.8.0.jar:/Users/jvarley/.m2/repository/net/bytebuddy/byte-buddy/1.12.14/byte-buddy-1.12.14.jar:/Users/jvarley/.m2/repository/net/bytebuddy/byte-buddy-agent/1.12.14/byte-buddy-agent-1.12.14.jar:/Users/jvarley/.m2/repository/org/objenesis/objenesis/3.2/objenesis-3.2.jar:/Users/jvarley/.m2/repository/org/mockito/mockito-junit-jupiter/4.8.0/mockito-junit-jupiter-4.8.0.jar:/Users/jvarley/.m2/repository/org/slf4j/slf4j-api/2.0.9/slf4j-api-2.0.9.jar:/Users/jvarley/.m2/repository/ch/qos/logback/logback-classic/1.4.11/logback-classic-1.4.11.jar:/Users/jvarley/.m2/repository/ch/qos/logback/logback-core/1.4.11/logback-core-1.4.11.jar:/Users/jvarley/.m2/repository/com/github/jcustenborder/kafka/connect/connect-utils/0.7.177/connect-utils-0.7.177.jar:/Users/jvarley/.m2/repository/org/immutables/value/2.8.2/value-2.8.2.jar:/Users/jvarley/.m2/repository/com/google/guava/guava/31.1-jre/guava-31.1-jre.jar:/Users/jvarley/.m2/repository/com/google/guava/failureaccess/1.0.1/failureaccess-1.0.1.jar:/Users/jvarley/.m2/repository/com/google/guava/listenablefuture/9999.0-empty-to-avoid-conflict-with-guava/listenablefuture-9999.0-empty-to-avoid-conflict-with-guava.jar:/Users/jvarley/.m2/repository/com/google/code/findbugs/jsr305/3.0.2/jsr305-3.0.2.jar:/Users/jvarley/.m2/repository/org/checkerframework/checker-qual/3.12.0/checker-qual-3.12.0.jar:/Users/jvarley/.m2/repository/com/google/errorprone/error_prone_annotations/2.11.0/error_prone_annotations-2.11.0.jar:/Users/jvarley/.m2/repository/com/google/j2objc/j2objc-annotations/1.3/j2objc-annotations-1.3.jar:/Users/jvarley/.m2/repository/org/freemarker/freemarker/2.3.31/freemarker-2.3.31.jar:/Users/jvarley/.m2/repository/org/apache/kafka/connect-api/3.3.1/connect-api-3.3.1.jar:/Users/jvarley/.m2/repository/org/apache/kafka/kafka-clients/3.3.1/kafka-clients-3.3.1.jar:/Users/jvarley/.m2/repository/com/github/luben/zstd-jni/1.5.2-1/zstd-jni-1.5.2-1.jar:/Users/jvarley/.m2/repository/org/lz4/lz4-java/1.8.0/lz4-java-1.8.0.jar:/Users/jvarley/.m2/repository/org/xerial/snappy/snappy-java/1.1.8.4/snappy-java-1.1.8.4.jar:/Users/jvarley/.m2/repository/javax/ws/rs/javax.ws.rs-api/2.1.1/javax.ws.rs-api-2.1.1.jar:/Users/jvarley/.m2/repository/com/github/jcustenborder/docker-compose-junit-extension/0.1.6/docker-compose-junit-extension-0.1.6.jar:/Users/jvarley/.m2/repository/com/palantir/docker/compose/docker-compose-rule-core/1.5.0/docker-compose-rule-core-1.5.0.jar:/Users/jvarley/.m2/repository/com/github/zafarkhaja/java-semver/0.9.0/java-semver-0.9.0.jar:/Users/jvarley/.m2/repository/commons-io/commons-io/2.6/commons-io-2.6.jar:/Users/jvarley/.m2/repository/joda-time/joda-time/2.10.3/joda-time-2.10.3.jar:/Users/jvarley/.m2/repository/org/apache/commons/commons-lang3/3.7/commons-lang3-3.7.jar:/Users/jvarley/.m2/repository/org/awaitility/awaitility/4.0.2/awaitility-4.0.2.jar:/Users/jvarley/.m2/repository/org/hamcrest/hamcrest/2.1/hamcrest-2.1.jar:/Users/jvarley/.m2/repository/org/hamcrest/hamcrest-core/2.1/hamcrest-core-2.1.jar:/Users/jvarley/.m2/repository/com/palantir/docker/compose/docker-compose-rule-events-api-objects/1.5.0/docker-compose-rule-events-api-objects-1.5.0.jar:/Users/jvarley/.m2/repository/com/palantir/conjure/java/conjure-lib/5.15.0/conjure-lib-5.15.0.jar:/Users/jvarley/.m2/repository/com/palantir/ri/resource-identifier/1.1.0/resource-identifier-1.1.0.jar:/Users/jvarley/.m2/repository/com/palantir/tokens/auth-tokens/3.6.1/auth-tokens-3.6.1.jar:/Users/jvarley/.m2/repository/com/palantir/conjure/java/api/errors/2.12.0/errors-2.12.0.jar:/Users/jvarley/.m2/repository/jakarta/annotation/jakarta.annotation-api/1.3.5/jakarta.annotation-api-1.3.5.jar:/Users/jvarley/.m2/repository/jakarta/ws/rs/jakarta.ws.rs-api/2.1.6/jakarta.ws.rs-api-2.1.6.jar:/Users/jvarley/.m2/repository/one/util/streamex/0.7.2/streamex-0.7.2.jar:/Users/jvarley/.m2/repository/com/fasterxml/jackson/dataformat/jackson-dataformat-yaml/2.12.3/jackson-dataformat-yaml-2.12.3.jar:/Users/jvarley/.m2/repository/org/yaml/snakeyaml/1.27/snakeyaml-1.27.jar:/Users/jvarley/.m2/repository/com/palantir/conjure/java/runtime/conjure-java-jackson-serialization/7.3.0/conjure-java-jackson-serialization-7.3.0.jar:/Users/jvarley/.m2/repository/com/fasterxml/jackson/datatype/jackson-datatype-guava/2.12.3/jackson-datatype-guava-2.12.3.jar:/Users/jvarley/.m2/repository/com/fasterxml/jackson/module/jackson-module-afterburner/2.12.3/jackson-module-afterburner-2.12.3.jar:/Users/jvarley/.m2/repository/com/fasterxml/jackson/datatype/jackson-datatype-jsr310/2.12.3/jackson-datatype-jsr310-2.12.3.jar:/Users/jvarley/.m2/repository/com/fasterxml/jackson/dataformat/jackson-dataformat-cbor/2.12.3/jackson-dataformat-cbor-2.12.3.jar:/Users/jvarley/.m2/repository/com/palantir/safe-logging/preconditions/1.14.0/preconditions-1.14.0.jar:/Users/jvarley/.m2/repository/com/palantir/safe-logging/safe-logging/1.14.0/safe-logging-1.14.0.jar:/Users/jvarley/.m2/repository/com/fasterxml/jackson/datatype/jackson-datatype-joda/2.12.3/jackson-datatype-joda-2.12.3.jar:/Users/jvarley/.m2/repository/com/fasterxml/jackson/dataformat/jackson-dataformat-smile/2.12.3/jackson-dataformat-smile-2.12.3.jar:/Users/jvarley/.m2/repository/com/github/jcustenborder/kafka/connect/connect-utils-testing/0.7.177/connect-utils-testing-0.7.177.jar:/Users/jvarley/.m2/repository/com/github/jcustenborder/kafka/connect/connect-utils-jackson/0.7.177/connect-utils-jackson-0.7.177.jar:/Users/jvarley/.m2/repository/org/reflections/reflections/0.9.10/reflections-0.9.10.jar:/Users/jvarley/.m2/repository/org/javassist/javassist/3.19.0-GA/javassist-3.19.0-GA.jar:/Users/jvarley/.m2/repository/com/google/code/findbugs/annotations/2.0.1/annotations-2.0.1.jar:/Users/jvarley/.m2/repository/io/github/java-diff-utils/java-diff-utils/4.0/java-diff-utils-4.0.jar:/Users/jvarley/.m2/repository/org/eclipse/jgit/org.eclipse.jgit/4.4.1.201607150455-r/org.eclipse.jgit-4.4.1.201607150455-r.jar:/Users/jvarley/.m2/repository/com/github/jcustenborder/kafka/connect/connect-utils-testing-data/0.7.177/connect-utils-testing-data-0.7.177.jar:/Users/jvarley/.m2/repository/org/junit/jupiter/junit-jupiter-engine/5.9.1/junit-jupiter-engine-5.9.1.jar:/Users/jvarley/.m2/repository/org/junit/platform/junit-platform-engine/1.9.1/junit-platform-engine-1.9.1.jar:/Users/jvarley/.m2/repository/org/apiguardian/apiguardian-api/1.1.2/apiguardian-api-1.1.2.jar:/Users/jvarley/.m2/repository/org/junit/jupiter/junit-jupiter-api/5.9.1/junit-jupiter-api-5.9.1.jar:/Users/jvarley/.m2/repository/org/opentest4j/opentest4j/1.2.0/opentest4j-1.2.0.jar:/Users/jvarley/.m2/repository/org/junit/platform/junit-platform-commons/1.9.1/junit-platform-commons-1.9.1.jar:/Users/jvarley/.m2/repository/org/junit/jupiter/junit-jupiter-params/5.9.1/junit-jupiter-params-5.9.1.jar:"/>
    <property name="sun.cpu.endian" value="little"/>
    <property name="user.home" value="/Users/jvarley"/>
    <property name="user.language" value="en"/>
    <property name="java.specification.vendor" value="Oracle Corporation"/>
    <property name="java.version.date" value="2023-07-18"/>
    <property name="java.home" value="/opt/homebrew/Cellar/openjdk/20.0.2/libexec/openjdk.jdk/Contents/Home"/>
    <property name="file.separator" value="/"/>
    <property name="basedir" value="/Users/jvarley/Documents/projects-eclipse/tecton-ingest-api-sink"/>
    <property name="java.vm.compressedOopsMode" value="Zero based"/>
    <property name="line.separator" value="&#10;"/>
    <property name="java.vm.specification.vendor" value="Oracle Corporation"/>
    <property name="java.specification.name" value="Java Platform API Specification"/>
    <property name="apple.awt.application.name" value="ForkedBooter"/>
    <property name="surefire.real.class.path" value="/Users/jvarley/Documents/projects-eclipse/tecton-ingest-api-sink/target/surefire/surefirebooter8013126047722323050.jar"/>
    <property name="sun.management.compiler" value="HotSpot 64-Bit Tiered Compilers"/>
    <property name="ftp.nonProxyHosts" value="local|*.local|169.254/16|*.169.254/16"/>
    <property name="java.runtime.version" value="20.0.2"/>
    <property name="user.name" value="jvarley"/>
    <property name="stdout.encoding" value="UTF-8"/>
    <property name="path.separator" value=":"/>
    <property name="os.version" value="13.5"/>
    <property name="java.runtime.name" value="OpenJDK Runtime Environment"/>
    <property name="file.encoding" value="UTF-8"/>
    <property name="java.vm.name" value="OpenJDK 64-Bit Server VM"/>
    <property name="java.vendor.version" value="Homebrew"/>
    <property name="localRepository" value="/Users/jvarley/.m2/repository"/>
    <property name="java.vendor.url.bug" value="https://github.com/Homebrew/homebrew-core/issues"/>
    <property name="java.io.tmpdir" value="/var/folders/0s/pn2lbw2j16qbj4wm9xxmxr440000gn/T/"/>
    <property name="java.version" value="20.0.2"/>
    <property name="user.dir" value="/Users/jvarley/Documents/projects-eclipse/tecton-ingest-api-sink"/>
    <property name="os.arch" value="aarch64"/>
    <property name="java.vm.specification.name" value="Java Virtual Machine Specification"/>
    <property name="native.encoding" value="UTF-8"/>
    <property name="java.library.path" value="/Users/jvarley/Library/Java/Extensions:/Library/Java/Extensions:/Network/Library/Java/Extensions:/System/Library/Java/Extensions:/usr/lib/java:."/>
    <property name="java.vm.info" value="mixed mode, sharing"/>
    <property name="stderr.encoding" value="UTF-8"/>
    <property name="java.vendor" value="Homebrew"/>
    <property name="java.vm.version" value="20.0.2"/>
    <property name="sun.io.unicode.encoding" value="UnicodeBig"/>
    <property name="socksNonProxyHosts" value="local|*.local|169.254/16|*.169.254/16"/>
    <property name="java.class.version" value="64.0"/>
  </properties>
  <testcase name="testIngestMetricsGetFeatureViewIngestMetrics" classname="com.tecton.ingestclient.client.TectonApiResponseTest" time="0"/>
  <testcase name="testFeatureViewMetricGetOfflineRecordIngestCount" classname="com.tecton.ingestclient.client.TectonApiResponseTest" time="0.001"/>
  <testcase name="testSetIngestMetrics" classname="com.tecton.ingestclient.client.TectonApiResponseTest" time="0"/>
  <testcase name="testGetWorkspaceName" classname="com.tecton.ingestclient.client.TectonApiResponseTest" time="0"/>
  <testcase name="testToStringContainsWorkspaceName" classname="com.tecton.ingestclient.client.TectonApiResponseTest" time="0.004"/>
  <testcase name="testGetIngestMetrics" classname="com.tecton.ingestclient.client.TectonApiResponseTest" time="0.001"/>
  <testcase name="testFeatureViewMetricGetFeatureViewName" classname="com.tecton.ingestclient.client.TectonApiResponseTest" time="0"/>
  <testcase name="testFeatureViewMetricGetOnlineRecordIngestCount" classname="com.tecton.ingestclient.client.TectonApiResponseTest" time="0"/>
  <testcase name="testSetWorkspaceName" classname="com.tecton.ingestclient.client.TectonApiResponseTest" time="0"/>
</testsuite>